2018-04-19 14:20:46 JakartaCommonsLoggingImpl.java DEBUG Logging initialized using 'org.mybatis.generator.logging.commons.JakartaCommonsLoggingLogFactory@4ec6a292' adapter.
  2018-04-19 14:20:46 JakartaCommonsLoggingImpl.java DEBUG Retrieving column information for table "ldlsc_user"
  2018-04-19 14:20:46 JakartaCommonsLoggingImpl.java DEBUG Found column "user_id", data type 12, in table "ldlsc..ldlsc_user"
  2018-04-19 14:20:46 JakartaCommonsLoggingImpl.java DEBUG Found column "USER_NAME", data type 12, in table "ldlsc..ldlsc_user"
  2018-04-19 14:20:46 JakartaCommonsLoggingImpl.java DEBUG Found column "USERLOGINNAME", data type 12, in table "ldlsc..ldlsc_user"
  2018-04-19 14:20:46 JakartaCommonsLoggingImpl.java DEBUG Found column "USERPASSWORD", data type 12, in table "ldlsc..ldlsc_user"
  2018-04-19 14:20:46 JakartaCommonsLoggingImpl.java DEBUG Found column "USERINDEX", data type 12, in table "ldlsc..ldlsc_user"
  2018-05-05 10:36:50 JakartaCommonsLoggingImpl.java DEBUG Logging initialized using 'org.mybatis.generator.logging.commons.JakartaCommonsLoggingLogFactory@2a18f23c' adapter.
  2018-05-05 10:36:50 JakartaCommonsLoggingImpl.java DEBUG Retrieving column information for table "ldlsc_user"
  2018-05-05 10:36:50 JakartaCommonsLoggingImpl.java DEBUG Found column "user_id", data type 12, in table "labor..ldlsc_user"
  2018-05-05 10:36:50 JakartaCommonsLoggingImpl.java DEBUG Found column "USER_NAME", data type 12, in table "labor..ldlsc_user"
  2018-05-05 10:36:50 JakartaCommonsLoggingImpl.java DEBUG Found column "USERLOGINNAME", data type 12, in table "labor..ldlsc_user"
  2018-05-05 10:36:50 JakartaCommonsLoggingImpl.java DEBUG Found column "USERPASSWORD", data type 12, in table "labor..ldlsc_user"
  2018-05-05 10:36:50 JakartaCommonsLoggingImpl.java DEBUG Found column "USERINDEX", data type 12, in table "labor..ldlsc_user"
  2018-05-05 11:03:34 JakartaCommonsLoggingImpl.java DEBUG Logging initialized using 'org.mybatis.generator.logging.commons.JakartaCommonsLoggingLogFactory@2a18f23c' adapter.
  2018-05-05 11:03:34 JakartaCommonsLoggingImpl.java DEBUG Retrieving column information for table "ldlsc_user"
  2018-05-05 11:03:34 JakartaCommonsLoggingImpl.java DEBUG Found column "user_id", data type 12, in table "labor..ldlsc_user"
  2018-05-05 11:03:34 JakartaCommonsLoggingImpl.java DEBUG Found column "USER_NAME", data type 12, in table "labor..ldlsc_user"
  2018-05-05 11:03:34 JakartaCommonsLoggingImpl.java DEBUG Found column "USERLOGINNAME", data type 12, in table "labor..ldlsc_user"
  2018-05-05 11:03:34 JakartaCommonsLoggingImpl.java DEBUG Found column "USERPASSWORD", data type 12, in table "labor..ldlsc_user"
  2018-05-05 11:03:34 JakartaCommonsLoggingImpl.java DEBUG Found column "USERINDEX", data type 12, in table "labor..ldlsc_user"
  2018-05-05 11:03:34 JakartaCommonsLoggingImpl.java DEBUG Retrieving column information for table "bip"
  2018-05-05 11:03:34 JakartaCommonsLoggingImpl.java DEBUG Found column "bip_id", data type 12, in table "labor..bip"
  2018-05-05 11:03:34 JakartaCommonsLoggingImpl.java DEBUG Found column "bip_citizenid", data type 12, in table "labor..bip"
  2018-05-05 11:03:34 JakartaCommonsLoggingImpl.java DEBUG Found column "bip_sex", data type 12, in table "labor..bip"
  2018-05-05 11:03:34 JakartaCommonsLoggingImpl.java DEBUG Found column "bip_age", data type 12, in table "labor..bip"
  2018-05-05 11:03:34 JakartaCommonsLoggingImpl.java DEBUG Found column "bip_name", data type 12, in table "labor..bip"
  2018-05-05 11:03:34 JakartaCommonsLoggingImpl.java DEBUG Found column "bip_birthday", data type 12, in table "labor..bip"
  2018-05-05 11:03:34 JakartaCommonsLoggingImpl.java DEBUG Found column "bip_minzu", data type 12, in table "labor..bip"
  2018-05-05 11:03:34 JakartaCommonsLoggingImpl.java DEBUG Found column "bip_zzmm", data type 12, in table "labor..bip"
  2018-05-05 11:03:34 JakartaCommonsLoggingImpl.java DEBUG Found column "bip_hyzk", data type 12, in table "labor..bip"
  2018-05-05 11:03:34 JakartaCommonsLoggingImpl.java DEBUG Found column "bip_hjxz", data type 12, in table "labor..bip"
  2018-05-05 11:03:34 JakartaCommonsLoggingImpl.java DEBUG Found column "bip_rylb", data type 12, in table "labor..bip"
  2018-05-05 11:03:34 JakartaCommonsLoggingImpl.java DEBUG Found column "bip_jkzk", data type 12, in table "labor..bip"
  2018-05-05 11:03:34 JakartaCommonsLoggingImpl.java DEBUG Found column "bip_cjqk", data type 12, in table "labor..bip"
  2018-05-05 11:03:34 JakartaCommonsLoggingImpl.java DEBUG Found column "bip_eyesightleft", data type 12, in table "labor..bip"
  2018-05-05 11:03:34 JakartaCommonsLoggingImpl.java DEBUG Found column "bip_eyesightright", data type 12, in table "labor..bip"
  2018-05-05 11:03:34 JakartaCommonsLoggingImpl.java DEBUG Found column "bip_long", data type 12, in table "labor..bip"
  2018-05-05 11:03:34 JakartaCommonsLoggingImpl.java DEBUG Found column "bip_weight", data type 12, in table "labor..bip"
  2018-05-05 11:03:34 JakartaCommonsLoggingImpl.java DEBUG Found column "bip_hkszd", data type 12, in table "labor..bip"
  2018-05-05 11:03:34 JakartaCommonsLoggingImpl.java DEBUG Found column "bip_whcd", data type 12, in table "labor..bip"
  2018-05-05 11:03:34 JakartaCommonsLoggingImpl.java DEBUG Found column "bip_subject", data type 12, in table "labor..bip"
  2018-05-05 11:03:34 JakartaCommonsLoggingImpl.java DEBUG Found column "bip_graduateschool", data type 12, in table "labor..bip"
  2018-05-05 11:03:34 JakartaCommonsLoggingImpl.java DEBUG Found column "bip_bysj", data type 12, in table "labor..bip"
  2018-05-05 11:03:34 JakartaCommonsLoggingImpl.java DEBUG Found column "bip_educationallevel2", data type 12, in table "labor..bip"
  2018-05-05 11:03:34 JakartaCommonsLoggingImpl.java DEBUG Found column "bip_con_telephone", data type 12, in table "labor..bip"
  2018-05-05 11:03:34 JakartaCommonsLoggingImpl.java DEBUG Found column "bip_con_mobile", data type 12, in table "labor..bip"
  2018-05-05 11:03:34 JakartaCommonsLoggingImpl.java DEBUG Found column "bip_con_email", data type 12, in table "labor..bip"
  2018-05-05 11:03:34 JakartaCommonsLoggingImpl.java DEBUG Found column "bip_con_postcode", data type 12, in table "labor..bip"
  2018-05-05 11:03:34 JakartaCommonsLoggingImpl.java DEBUG Found column "bip_con_contact", data type 12, in table "labor..bip"
  2018-05-05 11:03:34 JakartaCommonsLoggingImpl.java DEBUG Found column "bip_con_contacttel", data type 12, in table "labor..bip"
  2018-05-05 11:03:34 JakartaCommonsLoggingImpl.java DEBUG Found column "bip_res_address", data type 12, in table "labor..bip"
  2018-05-05 11:03:34 JakartaCommonsLoggingImpl.java DEBUG Found column "bip_t_lowersecurity", data type 12, in table "labor..bip"
  2018-05-05 11:03:34 JakartaCommonsLoggingImpl.java DEBUG Found column "bip_t_criminal", data type 12, in table "labor..bip"
  2018-05-05 11:03:34 JakartaCommonsLoggingImpl.java DEBUG Found column "bip_t_destitute", data type 12, in table "labor..bip"
  2018-05-05 11:03:34 JakartaCommonsLoggingImpl.java DEBUG Found column "bip_t_peasant", data type 12, in table "labor..bip"
  2018-05-05 11:03:34 JakartaCommonsLoggingImpl.java DEBUG Found column "bip_t_veteran", data type 12, in table "labor..bip"
  2018-05-05 11:03:34 JakartaCommonsLoggingImpl.java DEBUG Found column "bip_t_othercities", data type 12, in table "labor..bip"
  2018-05-05 11:03:34 JakartaCommonsLoggingImpl.java DEBUG Found column "bip_t_czjyyhz", data type 12, in table "labor..bip"
  2018-05-05 11:03:34 JakartaCommonsLoggingImpl.java DEBUG Found column "bip_t_rhfl", data type 12, in table "labor..bip"
  2018-05-05 11:03:34 JakartaCommonsLoggingImpl.java DEBUG Found column "bip_t_newgraduate", data type 12, in table "labor..bip"
  2018-05-05 11:03:34 JakartaCommonsLoggingImpl.java DEBUG Found column "bip_pc_dj", data type 12, in table "labor..bip"
  2018-05-05 11:03:34 JakartaCommonsLoggingImpl.java DEBUG Found column "bip_pc_slcd", data type 12, in table "labor..bip"
  2018-05-05 11:03:34 JakartaCommonsLoggingImpl.java DEBUG Found column "bip_resume", data type 12, in table "labor..bip"
  2018-05-05 11:03:34 JakartaCommonsLoggingImpl.java DEBUG Found column "bip_qtsm", data type 12, in table "labor..bip"
  2018-05-05 11:03:34 JakartaCommonsLoggingImpl.java DEBUG Retrieving column information for table "bip_foreignlanguage"
  2018-05-05 11:03:34 JakartaCommonsLoggingImpl.java DEBUG Found column "bip_fl_id", data type 12, in table "labor..bip_foreignlanguage"
  2018-05-05 11:03:34 JakartaCommonsLoggingImpl.java DEBUG Found column "bip_id", data type 12, in table "labor..bip_foreignlanguage"
  2018-05-05 11:03:34 JakartaCommonsLoggingImpl.java DEBUG Found column "bip_fl_years", data type 12, in table "labor..bip_foreignlanguage"
  2018-05-05 11:03:34 JakartaCommonsLoggingImpl.java DEBUG Found column "bip_fl_jywy", data type 12, in table "labor..bip_foreignlanguage"
  2018-05-05 11:03:34 JakartaCommonsLoggingImpl.java DEBUG Found column "bip_fl_wysm", data type 12, in table "labor..bip_foreignlanguage"
  2018-05-05 11:03:34 JakartaCommonsLoggingImpl.java DEBUG Retrieving column information for table "bip_skill"
  2018-05-05 11:03:34 JakartaCommonsLoggingImpl.java DEBUG Found column "bip_s_id", data type 12, in table "labor..bip_skill"
  2018-05-05 11:03:34 JakartaCommonsLoggingImpl.java DEBUG Found column "bip_id", data type 12, in table "labor..bip_skill"
  2018-05-05 11:03:34 JakartaCommonsLoggingImpl.java DEBUG Found column "bip_s_years", data type 12, in table "labor..bip_skill"
  2018-05-05 11:03:34 JakartaCommonsLoggingImpl.java DEBUG Found column "bip_s_zyjn", data type 12, in table "labor..bip_skill"
  2018-05-05 11:03:34 JakartaCommonsLoggingImpl.java DEBUG Found column "bip_s_jsdj", data type 12, in table "labor..bip_skill"
  2018-05-05 11:03:34 JakartaCommonsLoggingImpl.java DEBUG Retrieving column information for table "zj_grqzdjb"
  2018-05-05 11:03:34 JakartaCommonsLoggingImpl.java DEBUG Found column "qzbh", data type 12, in table "labor..zj_grqzdjb"
  2018-05-05 11:03:34 JakartaCommonsLoggingImpl.java DEBUG Found column "bip_id", data type 12, in table "labor..zj_grqzdjb"
  2018-05-05 11:03:34 JakartaCommonsLoggingImpl.java DEBUG Found column "dwxx", data type 12, in table "labor..zj_grqzdjb"
  2018-05-05 11:03:34 JakartaCommonsLoggingImpl.java DEBUG Found column "dwjjlx", data type 12, in table "labor..zj_grqzdjb"
  2018-05-05 11:03:34 JakartaCommonsLoggingImpl.java DEBUG Found column "dwhy", data type 12, in table "labor..zj_grqzdjb"
  2018-05-05 11:03:34 JakartaCommonsLoggingImpl.java DEBUG Found column "gzdq", data type 12, in table "labor..zj_grqzdjb"
  2018-05-05 11:03:34 JakartaCommonsLoggingImpl.java DEBUG Found column "SFDJ", data type 12, in table "labor..zj_grqzdjb"
  2018-05-05 11:03:34 JakartaCommonsLoggingImpl.java DEBUG Found column "SFJSDX", data type 12, in table "labor..zj_grqzdjb"
  2018-05-05 11:03:34 JakartaCommonsLoggingImpl.java DEBUG Found column "SFCJPX", data type 12, in table "labor..zj_grqzdjb"
  2018-05-05 11:03:34 JakartaCommonsLoggingImpl.java DEBUG Found column "SFJSZYZD", data type 12, in table "labor..zj_grqzdjb"
  2018-05-05 11:03:34 JakartaCommonsLoggingImpl.java DEBUG Found column "djyxq", data type 12, in table "labor..zj_grqzdjb"
  2018-05-05 11:03:34 JakartaCommonsLoggingImpl.java DEBUG Found column "DJSJ", data type 12, in table "labor..zj_grqzdjb"
  2018-05-05 11:03:34 JakartaCommonsLoggingImpl.java DEBUG Found column "GDSJ", data type 12, in table "labor..zj_grqzdjb"
  2018-05-05 11:03:34 JakartaCommonsLoggingImpl.java DEBUG Retrieving column information for table "zj_grqzdjjdb"
  2018-05-05 11:03:34 JakartaCommonsLoggingImpl.java DEBUG Found column "GRDJJDBH", data type 12, in table "labor..zj_grqzdjjdb"
  2018-05-05 11:03:34 JakartaCommonsLoggingImpl.java DEBUG Found column "QZBH", data type 12, in table "labor..zj_grqzdjjdb"
  2018-05-05 11:03:34 JakartaCommonsLoggingImpl.java DEBUG Found column "DOJYY", data type 12, in table "labor..zj_grqzdjjdb"
  2018-05-05 11:03:34 JakartaCommonsLoggingImpl.java DEBUG Found column "DOJSJ", data type 12, in table "labor..zj_grqzdjjdb"
  2018-05-05 11:03:34 JakartaCommonsLoggingImpl.java DEBUG Found column "JIDYY", data type 12, in table "labor..zj_grqzdjjdb"
  2018-05-05 11:03:34 JakartaCommonsLoggingImpl.java DEBUG Found column "JIDSJ", data type 12, in table "labor..zj_grqzdjjdb"
  2018-05-05 11:03:34 JakartaCommonsLoggingImpl.java DEBUG Found column "GDSJ", data type 12, in table "labor..zj_grqzdjjdb"
  2018-05-23 16:12:28 JakartaCommonsLoggingImpl.java DEBUG Logging initialized using 'org.mybatis.generator.logging.commons.JakartaCommonsLoggingLogFactory@16c0663d' adapter.
  2018-05-23 16:12:28 JakartaCommonsLoggingImpl.java DEBUG Retrieving column information for table "zj_dwdjjdb"
  2018-05-23 16:12:28 JakartaCommonsLoggingImpl.java DEBUG Found column "DWDJJDBH", data type 12, in table "labor..zj_dwdjjdb"
  2018-05-23 16:12:28 JakartaCommonsLoggingImpl.java DEBUG Found column "ZPBH", data type 12, in table "labor..zj_dwdjjdb"
  2018-05-23 16:12:28 JakartaCommonsLoggingImpl.java DEBUG Found column "DJYY", data type 12, in table "labor..zj_dwdjjdb"
  2018-05-23 16:12:28 JakartaCommonsLoggingImpl.java DEBUG Found column "DJSJ", data type 12, in table "labor..zj_dwdjjdb"
  2018-05-23 16:12:28 JakartaCommonsLoggingImpl.java DEBUG Found column "JDYY", data type 12, in table "labor..zj_dwdjjdb"
  2018-05-23 16:12:28 JakartaCommonsLoggingImpl.java DEBUG Found column "JDSJ", data type 12, in table "labor..zj_dwdjjdb"
  2018-05-23 16:12:28 JakartaCommonsLoggingImpl.java DEBUG Found column "GDSJ", data type 12, in table "labor..zj_dwdjjdb"
  